<?xml version="1.0" encoding="UTF-8"?>
<!-- Generated by org.testng.reporters.JUnitReportReporter -->
<testsuite hostname="DESKTOP-272J02D" name="com.webtest.scm.cases.DispatchCase" tests="1" failures="0" timestamp="24 May 2018 08:54:16 GMT" time="57.109" errors="0">
  <testcase name="dispath" time="57.109" classname="com.webtest.scm.cases.DispatchCase"/>
</testsuite> <!-- com.webtest.scm.cases.DispatchCase -->
