<?xml version="1.0" encoding="UTF-8"?>
<!-- Generated by org.testng.reporters.JUnitReportReporter -->
<testsuite hostname="DESKTOP-272J02D" name="com.cases.TestStartCase" tests="1" failures="0" timestamp="12 Apr 2018 08:25:50 GMT" time="31.615" errors="0">
  <testcase name="login" time="31.615" classname="com.cases.TestStartCase"/>
</testsuite> <!-- com.cases.TestStartCase -->
