<?xml version="1.0" encoding="UTF-8"?>
<!-- Generated by org.testng.reporters.JUnitReportReporter -->
<testsuite hostname="DESKTOP-272J02D" name="com.webtest.scm.cases.DispathProcess" tests="1" failures="0" timestamp="17 May 2018 01:14:23 GMT" time="15.257" errors="0">
  <testcase name="dispath" time="15.257" classname="com.webtest.scm.cases.DispathProcess"/>
</testsuite> <!-- com.webtest.scm.cases.DispathProcess -->
