<?xml version="1.0" encoding="UTF-8"?>
<!-- Generated by org.testng.reporters.JUnitReportReporter -->
<testsuite hostname="DESKTOP-272J02D" name="com.webtest.scm.cases.Login" tests="1" failures="0" timestamp="10 May 2018 06:26:28 GMT" time="10.487" errors="0">
  <testcase name="loginCase" time="10.487" classname="com.webtest.scm.cases.Login"/>
</testsuite> <!-- com.webtest.scm.cases.Login -->
